<?xml version="1.0" encoding="UTF-8"?>
<testsuite xmlns:xsi="http://www.w3.org/2001/XMLSchema-instance" xsi:noNamespaceSchemaLocation="https://maven.apache.org/surefire/maven-surefire-plugin/xsd/surefire-test-report.xsd" name="com.abc.myblog.CucumberTest" time="0.838" tests="4" errors="0" skipped="3" failures="0">
  <properties>
    <property name="sun.desktop" value="windows"/>
    <property name="awt.toolkit" value="sun.awt.windows.WToolkit"/>
    <property name="file.encoding.pkg" value="sun.io"/>
    <property name="java.specification.version" value="1.8"/>
    <property name="sun.cpu.isalist" value="amd64"/>
    <property name="sun.jnu.encoding" value="Cp1252"/>
    <property name="java.class.path" value="D:\assignments\myblog\target\test-classes;D:\assignments\myblog\target\classes;C:\Users\P0101819\.m2\repository\org\springframework\boot\spring-boot-starter-actuator\2.0.5.RELEASE\spring-boot-starter-actuator-2.0.5.RELEASE.jar;C:\Users\P0101819\.m2\repository\org\springframework\boot\spring-boot-starter\2.0.5.RELEASE\spring-boot-starter-2.0.5.RELEASE.jar;C:\Users\P0101819\.m2\repository\org\springframework\boot\spring-boot-starter-logging\2.0.5.RELEASE\spring-boot-starter-logging-2.0.5.RELEASE.jar;C:\Users\P0101819\.m2\repository\ch\qos\logback\logback-classic\1.2.3\logback-classic-1.2.3.jar;C:\Users\P0101819\.m2\repository\ch\qos\logback\logback-core\1.2.3\logback-core-1.2.3.jar;C:\Users\P0101819\.m2\repository\org\apache\logging\log4j\log4j-to-slf4j\2.10.0\log4j-to-slf4j-2.10.0.jar;C:\Users\P0101819\.m2\repository\org\apache\logging\log4j\log4j-api\2.10.0\log4j-api-2.10.0.jar;C:\Users\P0101819\.m2\repository\org\slf4j\jul-to-slf4j\1.7.25\jul-to-slf4j-1.7.25.jar;C:\Users\P0101819\.m2\repository\javax\annotation\javax.annotation-api\1.3.2\javax.annotation-api-1.3.2.jar;C:\Users\P0101819\.m2\repository\org\yaml\snakeyaml\1.19\snakeyaml-1.19.jar;C:\Users\P0101819\.m2\repository\org\springframework\boot\spring-boot-actuator-autoconfigure\2.0.5.RELEASE\spring-boot-actuator-autoconfigure-2.0.5.RELEASE.jar;C:\Users\P0101819\.m2\repository\org\springframework\boot\spring-boot-actuator\2.0.5.RELEASE\spring-boot-actuator-2.0.5.RELEASE.jar;C:\Users\P0101819\.m2\repository\com\fasterxml\jackson\core\jackson-databind\2.9.6\jackson-databind-2.9.6.jar;C:\Users\P0101819\.m2\repository\com\fasterxml\jackson\core\jackson-core\2.9.6\jackson-core-2.9.6.jar;C:\Users\P0101819\.m2\repository\org\springframework\spring-context\5.0.9.RELEASE\spring-context-5.0.9.RELEASE.jar;C:\Users\P0101819\.m2\repository\com\fasterxml\jackson\datatype\jackson-datatype-jsr310\2.9.6\jackson-datatype-jsr310-2.9.6.jar;C:\Users\P0101819\.m2\repository\io\micrometer\micrometer-core\1.0.6\micrometer-core-1.0.6.jar;C:\Users\P0101819\.m2\repository\org\hdrhistogram\HdrHistogram\2.1.10\HdrHistogram-2.1.10.jar;C:\Users\P0101819\.m2\repository\org\latencyutils\LatencyUtils\2.0.3\LatencyUtils-2.0.3.jar;C:\Users\P0101819\.m2\repository\org\springframework\boot\spring-boot-starter-data-jpa\2.0.5.RELEASE\spring-boot-starter-data-jpa-2.0.5.RELEASE.jar;C:\Users\P0101819\.m2\repository\org\springframework\boot\spring-boot-starter-aop\2.0.5.RELEASE\spring-boot-starter-aop-2.0.5.RELEASE.jar;C:\Users\P0101819\.m2\repository\org\springframework\spring-aop\5.0.9.RELEASE\spring-aop-5.0.9.RELEASE.jar;C:\Users\P0101819\.m2\repository\org\aspectj\aspectjweaver\1.8.13\aspectjweaver-1.8.13.jar;C:\Users\P0101819\.m2\repository\org\springframework\boot\spring-boot-starter-jdbc\2.0.5.RELEASE\spring-boot-starter-jdbc-2.0.5.RELEASE.jar;C:\Users\P0101819\.m2\repository\com\zaxxer\HikariCP\2.7.9\HikariCP-2.7.9.jar;C:\Users\P0101819\.m2\repository\org\springframework\spring-jdbc\5.0.9.RELEASE\spring-jdbc-5.0.9.RELEASE.jar;C:\Users\P0101819\.m2\repository\javax\transaction\javax.transaction-api\1.2\javax.transaction-api-1.2.jar;C:\Users\P0101819\.m2\repository\org\hibernate\hibernate-core\5.2.17.Final\hibernate-core-5.2.17.Final.jar;C:\Users\P0101819\.m2\repository\org\jboss\logging\jboss-logging\3.3.2.Final\jboss-logging-3.3.2.Final.jar;C:\Users\P0101819\.m2\repository\org\hibernate\javax\persistence\hibernate-jpa-2.1-api\1.0.2.Final\hibernate-jpa-2.1-api-1.0.2.Final.jar;C:\Users\P0101819\.m2\repository\org\javassist\javassist\3.22.0-GA\javassist-3.22.0-GA.jar;C:\Users\P0101819\.m2\repository\antlr\antlr\2.7.7\antlr-2.7.7.jar;C:\Users\P0101819\.m2\repository\org\jboss\jandex\2.0.3.Final\jandex-2.0.3.Final.jar;C:\Users\P0101819\.m2\repository\dom4j\dom4j\1.6.1\dom4j-1.6.1.jar;C:\Users\P0101819\.m2\repository\org\hibernate\common\hibernate-commons-annotations\5.0.1.Final\hibernate-commons-annotations-5.0.1.Final.jar;C:\Users\P0101819\.m2\repository\org\springframework\data\spring-data-jpa\2.0.10.RELEASE\spring-data-jpa-2.0.10.RELEASE.jar;C:\Users\P0101819\.m2\repository\org\springframework\data\spring-data-commons\2.0.10.RELEASE\spring-data-commons-2.0.10.RELEASE.jar;C:\Users\P0101819\.m2\repository\org\springframework\spring-orm\5.0.9.RELEASE\spring-orm-5.0.9.RELEASE.jar;C:\Users\P0101819\.m2\repository\org\springframework\spring-tx\5.0.9.RELEASE\spring-tx-5.0.9.RELEASE.jar;C:\Users\P0101819\.m2\repository\org\springframework\spring-beans\5.0.9.RELEASE\spring-beans-5.0.9.RELEASE.jar;C:\Users\P0101819\.m2\repository\org\springframework\spring-aspects\5.0.9.RELEASE\spring-aspects-5.0.9.RELEASE.jar;C:\Users\P0101819\.m2\repository\org\springframework\boot\spring-boot-starter-web\2.0.5.RELEASE\spring-boot-starter-web-2.0.5.RELEASE.jar;C:\Users\P0101819\.m2\repository\org\springframework\boot\spring-boot-starter-json\2.0.5.RELEASE\spring-boot-starter-json-2.0.5.RELEASE.jar;C:\Users\P0101819\.m2\repository\com\fasterxml\jackson\datatype\jackson-datatype-jdk8\2.9.6\jackson-datatype-jdk8-2.9.6.jar;C:\Users\P0101819\.m2\repository\com\fasterxml\jackson\module\jackson-module-parameter-names\2.9.6\jackson-module-parameter-names-2.9.6.jar;C:\Users\P0101819\.m2\repository\org\springframework\boot\spring-boot-starter-tomcat\2.0.5.RELEASE\spring-boot-starter-tomcat-2.0.5.RELEASE.jar;C:\Users\P0101819\.m2\repository\org\apache\tomcat\embed\tomcat-embed-core\8.5.34\tomcat-embed-core-8.5.34.jar;C:\Users\P0101819\.m2\repository\org\apache\tomcat\embed\tomcat-embed-el\8.5.34\tomcat-embed-el-8.5.34.jar;C:\Users\P0101819\.m2\repository\org\apache\tomcat\embed\tomcat-embed-websocket\8.5.34\tomcat-embed-websocket-8.5.34.jar;C:\Users\P0101819\.m2\repository\org\hibernate\validator\hibernate-validator\6.0.12.Final\hibernate-validator-6.0.12.Final.jar;C:\Users\P0101819\.m2\repository\javax\validation\validation-api\2.0.1.Final\validation-api-2.0.1.Final.jar;C:\Users\P0101819\.m2\repository\org\springframework\spring-web\5.0.9.RELEASE\spring-web-5.0.9.RELEASE.jar;C:\Users\P0101819\.m2\repository\org\springframework\spring-webmvc\5.0.9.RELEASE\spring-webmvc-5.0.9.RELEASE.jar;C:\Users\P0101819\.m2\repository\org\springframework\spring-expression\5.0.9.RELEASE\spring-expression-5.0.9.RELEASE.jar;C:\Users\P0101819\.m2\repository\mysql\mysql-connector-java\5.1.47\mysql-connector-java-5.1.47.jar;C:\Users\P0101819\.m2\repository\org\springframework\boot\spring-boot-devtools\2.0.5.RELEASE\spring-boot-devtools-2.0.5.RELEASE.jar;C:\Users\P0101819\.m2\repository\org\springframework\boot\spring-boot\2.0.5.RELEASE\spring-boot-2.0.5.RELEASE.jar;C:\Users\P0101819\.m2\repository\org\springframework\boot\spring-boot-autoconfigure\2.0.5.RELEASE\spring-boot-autoconfigure-2.0.5.RELEASE.jar;C:\Users\P0101819\.m2\repository\com\h2database\h2\1.4.197\h2-1.4.197.jar;C:\Users\P0101819\.m2\repository\io\springfox\springfox-swagger2\2.9.2\springfox-swagger2-2.9.2.jar;C:\Users\P0101819\.m2\repository\io\swagger\swagger-annotations\1.5.20\swagger-annotations-1.5.20.jar;C:\Users\P0101819\.m2\repository\io\swagger\swagger-models\1.5.20\swagger-models-1.5.20.jar;C:\Users\P0101819\.m2\repository\com\fasterxml\jackson\core\jackson-annotations\2.9.0\jackson-annotations-2.9.0.jar;C:\Users\P0101819\.m2\repository\io\springfox\springfox-spi\2.9.2\springfox-spi-2.9.2.jar;C:\Users\P0101819\.m2\repository\io\springfox\springfox-core\2.9.2\springfox-core-2.9.2.jar;C:\Users\P0101819\.m2\repository\io\springfox\springfox-schema\2.9.2\springfox-schema-2.9.2.jar;C:\Users\P0101819\.m2\repository\io\springfox\springfox-swagger-common\2.9.2\springfox-swagger-common-2.9.2.jar;C:\Users\P0101819\.m2\repository\io\springfox\springfox-spring-web\2.9.2\springfox-spring-web-2.9.2.jar;C:\Users\P0101819\.m2\repository\com\google\guava\guava\20.0\guava-20.0.jar;C:\Users\P0101819\.m2\repository\com\fasterxml\classmate\1.3.4\classmate-1.3.4.jar;C:\Users\P0101819\.m2\repository\org\slf4j\slf4j-api\1.7.25\slf4j-api-1.7.25.jar;C:\Users\P0101819\.m2\repository\org\springframework\plugin\spring-plugin-core\1.2.0.RELEASE\spring-plugin-core-1.2.0.RELEASE.jar;C:\Users\P0101819\.m2\repository\org\springframework\plugin\spring-plugin-metadata\1.2.0.RELEASE\spring-plugin-metadata-1.2.0.RELEASE.jar;C:\Users\P0101819\.m2\repository\org\mapstruct\mapstruct\1.2.0.Final\mapstruct-1.2.0.Final.jar;C:\Users\P0101819\.m2\repository\io\springfox\springfox-swagger-ui\2.9.2\springfox-swagger-ui-2.9.2.jar;C:\Users\P0101819\.m2\repository\org\springframework\boot\spring-boot-starter-test\2.0.5.RELEASE\spring-boot-starter-test-2.0.5.RELEASE.jar;C:\Users\P0101819\.m2\repository\org\springframework\boot\spring-boot-test\2.0.5.RELEASE\spring-boot-test-2.0.5.RELEASE.jar;C:\Users\P0101819\.m2\repository\org\springframework\boot\spring-boot-test-autoconfigure\2.0.5.RELEASE\spring-boot-test-autoconfigure-2.0.5.RELEASE.jar;C:\Users\P0101819\.m2\repository\com\jayway\jsonpath\json-path\2.4.0\json-path-2.4.0.jar;C:\Users\P0101819\.m2\repository\net\minidev\json-smart\2.3\json-smart-2.3.jar;C:\Users\P0101819\.m2\repository\net\minidev\accessors-smart\1.2\accessors-smart-1.2.jar;C:\Users\P0101819\.m2\repository\org\ow2\asm\asm\5.0.4\asm-5.0.4.jar;C:\Users\P0101819\.m2\repository\junit\junit\4.12\junit-4.12.jar;C:\Users\P0101819\.m2\repository\org\assertj\assertj-core\3.9.1\assertj-core-3.9.1.jar;C:\Users\P0101819\.m2\repository\org\mockito\mockito-core\2.15.0\mockito-core-2.15.0.jar;C:\Users\P0101819\.m2\repository\net\bytebuddy\byte-buddy\1.7.11\byte-buddy-1.7.11.jar;C:\Users\P0101819\.m2\repository\net\bytebuddy\byte-buddy-agent\1.7.11\byte-buddy-agent-1.7.11.jar;C:\Users\P0101819\.m2\repository\org\objenesis\objenesis\2.6\objenesis-2.6.jar;C:\Users\P0101819\.m2\repository\org\hamcrest\hamcrest-core\1.3\hamcrest-core-1.3.jar;C:\Users\P0101819\.m2\repository\org\hamcrest\hamcrest-library\1.3\hamcrest-library-1.3.jar;C:\Users\P0101819\.m2\repository\org\skyscreamer\jsonassert\1.5.0\jsonassert-1.5.0.jar;C:\Users\P0101819\.m2\repository\com\vaadin\external\google\android-json\0.0.20131108.vaadin1\android-json-0.0.20131108.vaadin1.jar;C:\Users\P0101819\.m2\repository\org\springframework\spring-core\5.0.9.RELEASE\spring-core-5.0.9.RELEASE.jar;C:\Users\P0101819\.m2\repository\org\springframework\spring-jcl\5.0.9.RELEASE\spring-jcl-5.0.9.RELEASE.jar;C:\Users\P0101819\.m2\repository\org\springframework\spring-test\5.0.9.RELEASE\spring-test-5.0.9.RELEASE.jar;C:\Users\P0101819\.m2\repository\org\xmlunit\xmlunit-core\2.5.1\xmlunit-core-2.5.1.jar;C:\Users\P0101819\.m2\repository\info\cukes\cucumber-java\1.2.4\cucumber-java-1.2.4.jar;C:\Users\P0101819\.m2\repository\info\cukes\cucumber-core\1.2.4\cucumber-core-1.2.4.jar;C:\Users\P0101819\.m2\repository\info\cukes\cucumber-html\0.2.3\cucumber-html-0.2.3.jar;C:\Users\P0101819\.m2\repository\info\cukes\cucumber-jvm-deps\1.0.5\cucumber-jvm-deps-1.0.5.jar;C:\Users\P0101819\.m2\repository\info\cukes\gherkin\2.12.2\gherkin-2.12.2.jar;C:\Users\P0101819\.m2\repository\info\cukes\cucumber-junit\1.2.4\cucumber-junit-1.2.4.jar;C:\Users\P0101819\.m2\repository\info\cukes\cucumber-spring\1.2.4\cucumber-spring-1.2.4.jar;"/>
    <property name="java.vm.vendor" value="Oracle Corporation"/>
    <property name="sun.arch.data.model" value="64"/>
    <property name="user.variant" value=""/>
    <property name="java.vendor.url" value="http://java.oracle.com/"/>
    <property name="user.timezone" value=""/>
    <property name="java.vm.specification.version" value="1.8"/>
    <property name="os.name" value="Windows 10"/>
    <property name="user.country" value="US"/>
    <property name="sun.java.launcher" value="SUN_STANDARD"/>
    <property name="sun.boot.library.path" value="C:\Program Files\Java\jdk1.8.0_181\jre\bin"/>
    <property name="sun.java.command" value="C:\Users\P0101819\AppData\Local\Temp\surefire8280087219063391831\surefirebooter6967997249928437609.jar C:\Users\P0101819\AppData\Local\Temp\surefire8280087219063391831 2018-09-22T12-07-44_534-jvmRun1 surefire1376883585141619355tmp surefire_01057115474311006292tmp"/>
    <property name="surefire.test.class.path" value="D:\assignments\myblog\target\test-classes;D:\assignments\myblog\target\classes;C:\Users\P0101819\.m2\repository\org\springframework\boot\spring-boot-starter-actuator\2.0.5.RELEASE\spring-boot-starter-actuator-2.0.5.RELEASE.jar;C:\Users\P0101819\.m2\repository\org\springframework\boot\spring-boot-starter\2.0.5.RELEASE\spring-boot-starter-2.0.5.RELEASE.jar;C:\Users\P0101819\.m2\repository\org\springframework\boot\spring-boot-starter-logging\2.0.5.RELEASE\spring-boot-starter-logging-2.0.5.RELEASE.jar;C:\Users\P0101819\.m2\repository\ch\qos\logback\logback-classic\1.2.3\logback-classic-1.2.3.jar;C:\Users\P0101819\.m2\repository\ch\qos\logback\logback-core\1.2.3\logback-core-1.2.3.jar;C:\Users\P0101819\.m2\repository\org\apache\logging\log4j\log4j-to-slf4j\2.10.0\log4j-to-slf4j-2.10.0.jar;C:\Users\P0101819\.m2\repository\org\apache\logging\log4j\log4j-api\2.10.0\log4j-api-2.10.0.jar;C:\Users\P0101819\.m2\repository\org\slf4j\jul-to-slf4j\1.7.25\jul-to-slf4j-1.7.25.jar;C:\Users\P0101819\.m2\repository\javax\annotation\javax.annotation-api\1.3.2\javax.annotation-api-1.3.2.jar;C:\Users\P0101819\.m2\repository\org\yaml\snakeyaml\1.19\snakeyaml-1.19.jar;C:\Users\P0101819\.m2\repository\org\springframework\boot\spring-boot-actuator-autoconfigure\2.0.5.RELEASE\spring-boot-actuator-autoconfigure-2.0.5.RELEASE.jar;C:\Users\P0101819\.m2\repository\org\springframework\boot\spring-boot-actuator\2.0.5.RELEASE\spring-boot-actuator-2.0.5.RELEASE.jar;C:\Users\P0101819\.m2\repository\com\fasterxml\jackson\core\jackson-databind\2.9.6\jackson-databind-2.9.6.jar;C:\Users\P0101819\.m2\repository\com\fasterxml\jackson\core\jackson-core\2.9.6\jackson-core-2.9.6.jar;C:\Users\P0101819\.m2\repository\org\springframework\spring-context\5.0.9.RELEASE\spring-context-5.0.9.RELEASE.jar;C:\Users\P0101819\.m2\repository\com\fasterxml\jackson\datatype\jackson-datatype-jsr310\2.9.6\jackson-datatype-jsr310-2.9.6.jar;C:\Users\P0101819\.m2\repository\io\micrometer\micrometer-core\1.0.6\micrometer-core-1.0.6.jar;C:\Users\P0101819\.m2\repository\org\hdrhistogram\HdrHistogram\2.1.10\HdrHistogram-2.1.10.jar;C:\Users\P0101819\.m2\repository\org\latencyutils\LatencyUtils\2.0.3\LatencyUtils-2.0.3.jar;C:\Users\P0101819\.m2\repository\org\springframework\boot\spring-boot-starter-data-jpa\2.0.5.RELEASE\spring-boot-starter-data-jpa-2.0.5.RELEASE.jar;C:\Users\P0101819\.m2\repository\org\springframework\boot\spring-boot-starter-aop\2.0.5.RELEASE\spring-boot-starter-aop-2.0.5.RELEASE.jar;C:\Users\P0101819\.m2\repository\org\springframework\spring-aop\5.0.9.RELEASE\spring-aop-5.0.9.RELEASE.jar;C:\Users\P0101819\.m2\repository\org\aspectj\aspectjweaver\1.8.13\aspectjweaver-1.8.13.jar;C:\Users\P0101819\.m2\repository\org\springframework\boot\spring-boot-starter-jdbc\2.0.5.RELEASE\spring-boot-starter-jdbc-2.0.5.RELEASE.jar;C:\Users\P0101819\.m2\repository\com\zaxxer\HikariCP\2.7.9\HikariCP-2.7.9.jar;C:\Users\P0101819\.m2\repository\org\springframework\spring-jdbc\5.0.9.RELEASE\spring-jdbc-5.0.9.RELEASE.jar;C:\Users\P0101819\.m2\repository\javax\transaction\javax.transaction-api\1.2\javax.transaction-api-1.2.jar;C:\Users\P0101819\.m2\repository\org\hibernate\hibernate-core\5.2.17.Final\hibernate-core-5.2.17.Final.jar;C:\Users\P0101819\.m2\repository\org\jboss\logging\jboss-logging\3.3.2.Final\jboss-logging-3.3.2.Final.jar;C:\Users\P0101819\.m2\repository\org\hibernate\javax\persistence\hibernate-jpa-2.1-api\1.0.2.Final\hibernate-jpa-2.1-api-1.0.2.Final.jar;C:\Users\P0101819\.m2\repository\org\javassist\javassist\3.22.0-GA\javassist-3.22.0-GA.jar;C:\Users\P0101819\.m2\repository\antlr\antlr\2.7.7\antlr-2.7.7.jar;C:\Users\P0101819\.m2\repository\org\jboss\jandex\2.0.3.Final\jandex-2.0.3.Final.jar;C:\Users\P0101819\.m2\repository\dom4j\dom4j\1.6.1\dom4j-1.6.1.jar;C:\Users\P0101819\.m2\repository\org\hibernate\common\hibernate-commons-annotations\5.0.1.Final\hibernate-commons-annotations-5.0.1.Final.jar;C:\Users\P0101819\.m2\repository\org\springframework\data\spring-data-jpa\2.0.10.RELEASE\spring-data-jpa-2.0.10.RELEASE.jar;C:\Users\P0101819\.m2\repository\org\springframework\data\spring-data-commons\2.0.10.RELEASE\spring-data-commons-2.0.10.RELEASE.jar;C:\Users\P0101819\.m2\repository\org\springframework\spring-orm\5.0.9.RELEASE\spring-orm-5.0.9.RELEASE.jar;C:\Users\P0101819\.m2\repository\org\springframework\spring-tx\5.0.9.RELEASE\spring-tx-5.0.9.RELEASE.jar;C:\Users\P0101819\.m2\repository\org\springframework\spring-beans\5.0.9.RELEASE\spring-beans-5.0.9.RELEASE.jar;C:\Users\P0101819\.m2\repository\org\springframework\spring-aspects\5.0.9.RELEASE\spring-aspects-5.0.9.RELEASE.jar;C:\Users\P0101819\.m2\repository\org\springframework\boot\spring-boot-starter-web\2.0.5.RELEASE\spring-boot-starter-web-2.0.5.RELEASE.jar;C:\Users\P0101819\.m2\repository\org\springframework\boot\spring-boot-starter-json\2.0.5.RELEASE\spring-boot-starter-json-2.0.5.RELEASE.jar;C:\Users\P0101819\.m2\repository\com\fasterxml\jackson\datatype\jackson-datatype-jdk8\2.9.6\jackson-datatype-jdk8-2.9.6.jar;C:\Users\P0101819\.m2\repository\com\fasterxml\jackson\module\jackson-module-parameter-names\2.9.6\jackson-module-parameter-names-2.9.6.jar;C:\Users\P0101819\.m2\repository\org\springframework\boot\spring-boot-starter-tomcat\2.0.5.RELEASE\spring-boot-starter-tomcat-2.0.5.RELEASE.jar;C:\Users\P0101819\.m2\repository\org\apache\tomcat\embed\tomcat-embed-core\8.5.34\tomcat-embed-core-8.5.34.jar;C:\Users\P0101819\.m2\repository\org\apache\tomcat\embed\tomcat-embed-el\8.5.34\tomcat-embed-el-8.5.34.jar;C:\Users\P0101819\.m2\repository\org\apache\tomcat\embed\tomcat-embed-websocket\8.5.34\tomcat-embed-websocket-8.5.34.jar;C:\Users\P0101819\.m2\repository\org\hibernate\validator\hibernate-validator\6.0.12.Final\hibernate-validator-6.0.12.Final.jar;C:\Users\P0101819\.m2\repository\javax\validation\validation-api\2.0.1.Final\validation-api-2.0.1.Final.jar;C:\Users\P0101819\.m2\repository\org\springframework\spring-web\5.0.9.RELEASE\spring-web-5.0.9.RELEASE.jar;C:\Users\P0101819\.m2\repository\org\springframework\spring-webmvc\5.0.9.RELEASE\spring-webmvc-5.0.9.RELEASE.jar;C:\Users\P0101819\.m2\repository\org\springframework\spring-expression\5.0.9.RELEASE\spring-expression-5.0.9.RELEASE.jar;C:\Users\P0101819\.m2\repository\mysql\mysql-connector-java\5.1.47\mysql-connector-java-5.1.47.jar;C:\Users\P0101819\.m2\repository\org\springframework\boot\spring-boot-devtools\2.0.5.RELEASE\spring-boot-devtools-2.0.5.RELEASE.jar;C:\Users\P0101819\.m2\repository\org\springframework\boot\spring-boot\2.0.5.RELEASE\spring-boot-2.0.5.RELEASE.jar;C:\Users\P0101819\.m2\repository\org\springframework\boot\spring-boot-autoconfigure\2.0.5.RELEASE\spring-boot-autoconfigure-2.0.5.RELEASE.jar;C:\Users\P0101819\.m2\repository\com\h2database\h2\1.4.197\h2-1.4.197.jar;C:\Users\P0101819\.m2\repository\io\springfox\springfox-swagger2\2.9.2\springfox-swagger2-2.9.2.jar;C:\Users\P0101819\.m2\repository\io\swagger\swagger-annotations\1.5.20\swagger-annotations-1.5.20.jar;C:\Users\P0101819\.m2\repository\io\swagger\swagger-models\1.5.20\swagger-models-1.5.20.jar;C:\Users\P0101819\.m2\repository\com\fasterxml\jackson\core\jackson-annotations\2.9.0\jackson-annotations-2.9.0.jar;C:\Users\P0101819\.m2\repository\io\springfox\springfox-spi\2.9.2\springfox-spi-2.9.2.jar;C:\Users\P0101819\.m2\repository\io\springfox\springfox-core\2.9.2\springfox-core-2.9.2.jar;C:\Users\P0101819\.m2\repository\io\springfox\springfox-schema\2.9.2\springfox-schema-2.9.2.jar;C:\Users\P0101819\.m2\repository\io\springfox\springfox-swagger-common\2.9.2\springfox-swagger-common-2.9.2.jar;C:\Users\P0101819\.m2\repository\io\springfox\springfox-spring-web\2.9.2\springfox-spring-web-2.9.2.jar;C:\Users\P0101819\.m2\repository\com\google\guava\guava\20.0\guava-20.0.jar;C:\Users\P0101819\.m2\repository\com\fasterxml\classmate\1.3.4\classmate-1.3.4.jar;C:\Users\P0101819\.m2\repository\org\slf4j\slf4j-api\1.7.25\slf4j-api-1.7.25.jar;C:\Users\P0101819\.m2\repository\org\springframework\plugin\spring-plugin-core\1.2.0.RELEASE\spring-plugin-core-1.2.0.RELEASE.jar;C:\Users\P0101819\.m2\repository\org\springframework\plugin\spring-plugin-metadata\1.2.0.RELEASE\spring-plugin-metadata-1.2.0.RELEASE.jar;C:\Users\P0101819\.m2\repository\org\mapstruct\mapstruct\1.2.0.Final\mapstruct-1.2.0.Final.jar;C:\Users\P0101819\.m2\repository\io\springfox\springfox-swagger-ui\2.9.2\springfox-swagger-ui-2.9.2.jar;C:\Users\P0101819\.m2\repository\org\springframework\boot\spring-boot-starter-test\2.0.5.RELEASE\spring-boot-starter-test-2.0.5.RELEASE.jar;C:\Users\P0101819\.m2\repository\org\springframework\boot\spring-boot-test\2.0.5.RELEASE\spring-boot-test-2.0.5.RELEASE.jar;C:\Users\P0101819\.m2\repository\org\springframework\boot\spring-boot-test-autoconfigure\2.0.5.RELEASE\spring-boot-test-autoconfigure-2.0.5.RELEASE.jar;C:\Users\P0101819\.m2\repository\com\jayway\jsonpath\json-path\2.4.0\json-path-2.4.0.jar;C:\Users\P0101819\.m2\repository\net\minidev\json-smart\2.3\json-smart-2.3.jar;C:\Users\P0101819\.m2\repository\net\minidev\accessors-smart\1.2\accessors-smart-1.2.jar;C:\Users\P0101819\.m2\repository\org\ow2\asm\asm\5.0.4\asm-5.0.4.jar;C:\Users\P0101819\.m2\repository\junit\junit\4.12\junit-4.12.jar;C:\Users\P0101819\.m2\repository\org\assertj\assertj-core\3.9.1\assertj-core-3.9.1.jar;C:\Users\P0101819\.m2\repository\org\mockito\mockito-core\2.15.0\mockito-core-2.15.0.jar;C:\Users\P0101819\.m2\repository\net\bytebuddy\byte-buddy\1.7.11\byte-buddy-1.7.11.jar;C:\Users\P0101819\.m2\repository\net\bytebuddy\byte-buddy-agent\1.7.11\byte-buddy-agent-1.7.11.jar;C:\Users\P0101819\.m2\repository\org\objenesis\objenesis\2.6\objenesis-2.6.jar;C:\Users\P0101819\.m2\repository\org\hamcrest\hamcrest-core\1.3\hamcrest-core-1.3.jar;C:\Users\P0101819\.m2\repository\org\hamcrest\hamcrest-library\1.3\hamcrest-library-1.3.jar;C:\Users\P0101819\.m2\repository\org\skyscreamer\jsonassert\1.5.0\jsonassert-1.5.0.jar;C:\Users\P0101819\.m2\repository\com\vaadin\external\google\android-json\0.0.20131108.vaadin1\android-json-0.0.20131108.vaadin1.jar;C:\Users\P0101819\.m2\repository\org\springframework\spring-core\5.0.9.RELEASE\spring-core-5.0.9.RELEASE.jar;C:\Users\P0101819\.m2\repository\org\springframework\spring-jcl\5.0.9.RELEASE\spring-jcl-5.0.9.RELEASE.jar;C:\Users\P0101819\.m2\repository\org\springframework\spring-test\5.0.9.RELEASE\spring-test-5.0.9.RELEASE.jar;C:\Users\P0101819\.m2\repository\org\xmlunit\xmlunit-core\2.5.1\xmlunit-core-2.5.1.jar;C:\Users\P0101819\.m2\repository\info\cukes\cucumber-java\1.2.4\cucumber-java-1.2.4.jar;C:\Users\P0101819\.m2\repository\info\cukes\cucumber-core\1.2.4\cucumber-core-1.2.4.jar;C:\Users\P0101819\.m2\repository\info\cukes\cucumber-html\0.2.3\cucumber-html-0.2.3.jar;C:\Users\P0101819\.m2\repository\info\cukes\cucumber-jvm-deps\1.0.5\cucumber-jvm-deps-1.0.5.jar;C:\Users\P0101819\.m2\repository\info\cukes\gherkin\2.12.2\gherkin-2.12.2.jar;C:\Users\P0101819\.m2\repository\info\cukes\cucumber-junit\1.2.4\cucumber-junit-1.2.4.jar;C:\Users\P0101819\.m2\repository\info\cukes\cucumber-spring\1.2.4\cucumber-spring-1.2.4.jar;"/>
    <property name="sun.cpu.endian" value="little"/>
    <property name="user.home" value="C:\Users\P0101819"/>
    <property name="user.language" value="en"/>
    <property name="java.specification.vendor" value="Oracle Corporation"/>
    <property name="java.home" value="C:\Program Files\Java\jdk1.8.0_181\jre"/>
    <property name="basedir" value="D:\assignments\myblog"/>
    <property name="file.separator" value="\"/>
    <property name="line.separator" value="&#10;"/>
    <property name="java.vm.specification.vendor" value="Oracle Corporation"/>
    <property name="java.specification.name" value="Java Platform API Specification"/>
    <property name="java.awt.graphicsenv" value="sun.awt.Win32GraphicsEnvironment"/>
    <property name="surefire.real.class.path" value="C:\Users\P0101819\AppData\Local\Temp\surefire8280087219063391831\surefirebooter6967997249928437609.jar"/>
    <property name="sun.boot.class.path" value="C:\Program Files\Java\jdk1.8.0_181\jre\lib\resources.jar;C:\Program Files\Java\jdk1.8.0_181\jre\lib\rt.jar;C:\Program Files\Java\jdk1.8.0_181\jre\lib\sunrsasign.jar;C:\Program Files\Java\jdk1.8.0_181\jre\lib\jsse.jar;C:\Program Files\Java\jdk1.8.0_181\jre\lib\jce.jar;C:\Program Files\Java\jdk1.8.0_181\jre\lib\charsets.jar;C:\Program Files\Java\jdk1.8.0_181\jre\lib\jfr.jar;C:\Program Files\Java\jdk1.8.0_181\jre\classes"/>
    <property name="user.script" value=""/>
    <property name="sun.management.compiler" value="HotSpot 64-Bit Tiered Compilers"/>
    <property name="java.runtime.version" value="1.8.0_181-b13"/>
    <property name="user.name" value="P0101819"/>
    <property name="path.separator" value=";"/>
    <property name="os.version" value="10.0"/>
    <property name="java.endorsed.dirs" value="C:\Program Files\Java\jdk1.8.0_181\jre\lib\endorsed"/>
    <property name="java.runtime.name" value="Java(TM) SE Runtime Environment"/>
    <property name="file.encoding" value="Cp1252"/>
    <property name="java.vm.name" value="Java HotSpot(TM) 64-Bit Server VM"/>
    <property name="localRepository" value="C:\Users\P0101819\.m2\repository"/>
    <property name="java.vendor.url.bug" value="http://bugreport.sun.com/bugreport/"/>
    <property name="java.io.tmpdir" value="C:\Users\P0101819\AppData\Local\Temp\"/>
    <property name="java.version" value="1.8.0_181"/>
    <property name="user.dir" value="D:\assignments\myblog"/>
    <property name="os.arch" value="amd64"/>
    <property name="java.vm.specification.name" value="Java Virtual Machine Specification"/>
    <property name="java.awt.printerjob" value="sun.awt.windows.WPrinterJob"/>
    <property name="sun.os.patch.level" value=""/>
    <property name="java.library.path" value="C:\Program Files\Java\jdk1.8.0_181\jre\bin;C:\Windows\Sun\Java\bin;C:\Windows\system32;C:\Windows;C:\Program Files\Docker\Docker\Resources\bin;C:\Program Files\Broadcom\Broadcom 802.11 Network Adapter;C:\ProgramData\Oracle\Java\javapath;C:\Windows\system32;C:\Windows;C:\Windows\System32\Wbem;C:\Windows\System32\WindowsPowerShell\v1.0\;C:\Program Files\TortoiseSVN\bin;C:\Anaconda2;C:\Anaconda2\Scripts;C:\Anaconda2\Library\bin;C:\Program Files\MySQL\MySQL Utilities 1.6\;C:\Program Files\Git\cmd;C:\Users\P0101819\AppData\Local\Microsoft\WindowsApps;C:\Users\P0101819\Documents\apacheant\bin;C:\Program Files\Java\jdk1.8.0_181\bin;C:\Users\P0101819\Documents\maven\bin;C:\Python27;;."/>
    <property name="java.vm.info" value="mixed mode"/>
    <property name="java.vendor" value="Oracle Corporation"/>
    <property name="java.vm.version" value="25.181-b13"/>
    <property name="java.ext.dirs" value="C:\Program Files\Java\jdk1.8.0_181\jre\lib\ext;C:\Windows\Sun\Java\lib\ext"/>
    <property name="sun.io.unicode.encoding" value="UnicodeLittle"/>
    <property name="java.class.version" value="52.0"/>
  </properties>
  <testcase name="When We create a Blog" classname="Scenario: Create Blog" time="0">
    <skipped/>
    <system-out><![CDATA[12:07:47.042 [main] DEBUG org.springframework.beans.factory.support.DefaultListableBeanFactory - Registering scope 'cucumber-glue' with implementation [cucumber.runtime.java.spring.GlueCodeScope@548a24a]
]]></system-out>
  </testcase>
  <testcase name="Then I get a &apos;CREATED&apos; response" classname="Scenario: Create Blog" time="0">
    <skipped/>
  </testcase>
  <testcase name="Scenario: Create Blog" classname="Scenario: Create Blog" time="0">
    <skipped/>
  </testcase>
  <testcase name="Scenario: Create Blog" classname="Scenario: Create Blog" time="0.197"/>
</testsuite>